[2025-06-07 18:03:54] artigo: Erro ao listar artigos | error: PDOException: SQLSTATE[42S22]: Column not found: 1054 Unknown column 'dataCadastro' in 'ORDER BY' in C:\wamp64\www\Projetos\Paulo Ferreira Solucoes Tecnologicas\projetos\blog.com\web\app\model\Artigos.class.php:146
Stack trace:
#0 C:\wamp64\www\Projetos\Paulo Ferreira Solucoes Tecnologicas\projetos\blog.com\web\app\model\Artigos.class.php(146): PDOStatement->execute()
#1 C:\wamp64\www\Projetos\Paulo Ferreira Solucoes Tecnologicas\projetos\blog.com\web\app\model\Artigos.class.php(50): Artigos->getArtigos(1)
#2 C:\wamp64\www\Projetos\Paulo Ferreira Solucoes Tecnologicas\projetos\blog.com\web\app\controller\Artigo.Controller.php(34): Artigos->ListarArtigos(1)
#3 C:\wamp64\www\Projetos\Paulo Ferreira Solucoes Tecnologicas\projetos\blog.com\web\app\controller\Route.Controller.php(21): include('C:\\wamp64\\www\\P...')
#4 C:\wamp64\www\Projetos\Paulo Ferreira Solucoes Tecnologicas\projetos\blog.com\web\app\route\artigo.router.php(4): controller('Artigo')
#5 C:\wamp64\www\Projetos\Paulo Ferreira Solucoes Tecnologicas\projetos\blog.com\web\app\controller\Route.Controller.php(38): {closure}()
#6 C:\wamp64\www\Projetos\Paulo Ferreira Solucoes Tecnologicas\projetos\blog.com\web\app\route\artigo.router.php(3): rota('/artigo', Object(Closure))
#7 C:\wamp64\www\Projetos\Paulo Ferreira Solucoes Tecnologicas\projetos\blog.com\web\app\controller\Route.Controller.php(29): include('C:\\wamp64\\www\\P...')
#8 C:\wamp64\www\Projetos\Paulo Ferreira Solucoes Tecnologicas\projetos\blog.com\web\app\route\web.php(86): router('artigo')
#9 C:\wamp64\www\Projetos\Paulo Ferreira Solucoes Tecnologicas\projetos\blog.com\web\app\model\Route.class.php(9): include('C:\\wamp64\\www\\P...')
#10 C:\wamp64\www\Projetos\Paulo Ferreira Solucoes Tecnologicas\projetos\blog.com\web\index.php(16): Route->__construct()
#11 {main}
[2025-06-07 18:06:00] artigo: Erro ao listar artigos | error: PDOException: SQLSTATE[42S22]: Column not found: 1054 Unknown column 'dataCadastro' in 'ORDER BY' in C:\wamp64\www\Projetos\Paulo Ferreira Solucoes Tecnologicas\projetos\blog.com\web\app\model\Artigos.class.php:146
Stack trace:
#0 C:\wamp64\www\Projetos\Paulo Ferreira Solucoes Tecnologicas\projetos\blog.com\web\app\model\Artigos.class.php(146): PDOStatement->execute()
#1 C:\wamp64\www\Projetos\Paulo Ferreira Solucoes Tecnologicas\projetos\blog.com\web\app\model\Artigos.class.php(50): Artigos->getArtigos(1)
#2 C:\wamp64\www\Projetos\Paulo Ferreira Solucoes Tecnologicas\projetos\blog.com\web\app\controller\Artigo.Controller.php(34): Artigos->ListarArtigos(1)
#3 C:\wamp64\www\Projetos\Paulo Ferreira Solucoes Tecnologicas\projetos\blog.com\web\app\controller\Route.Controller.php(21): include('C:\\wamp64\\www\\P...')
#4 C:\wamp64\www\Projetos\Paulo Ferreira Solucoes Tecnologicas\projetos\blog.com\web\app\route\artigo.router.php(4): controller('Artigo')
#5 C:\wamp64\www\Projetos\Paulo Ferreira Solucoes Tecnologicas\projetos\blog.com\web\app\controller\Route.Controller.php(38): {closure}()
#6 C:\wamp64\www\Projetos\Paulo Ferreira Solucoes Tecnologicas\projetos\blog.com\web\app\route\artigo.router.php(3): rota('/artigo', Object(Closure))
#7 C:\wamp64\www\Projetos\Paulo Ferreira Solucoes Tecnologicas\projetos\blog.com\web\app\controller\Route.Controller.php(29): include('C:\\wamp64\\www\\P...')
#8 C:\wamp64\www\Projetos\Paulo Ferreira Solucoes Tecnologicas\projetos\blog.com\web\app\route\web.php(86): router('artigo')
#9 C:\wamp64\www\Projetos\Paulo Ferreira Solucoes Tecnologicas\projetos\blog.com\web\app\model\Route.class.php(9): include('C:\\wamp64\\www\\P...')
#10 C:\wamp64\www\Projetos\Paulo Ferreira Solucoes Tecnologicas\projetos\blog.com\web\index.php(16): Route->__construct()
#11 {main}
[2025-06-07 18:06:19] artigo: Erro ao listar artigos | error: PDOException: SQLSTATE[42S22]: Column not found: 1054 Unknown column 'dataCadastro' in 'ORDER BY' in C:\wamp64\www\Projetos\Paulo Ferreira Solucoes Tecnologicas\projetos\blog.com\web\app\model\Artigos.class.php:146
Stack trace:
#0 C:\wamp64\www\Projetos\Paulo Ferreira Solucoes Tecnologicas\projetos\blog.com\web\app\model\Artigos.class.php(146): PDOStatement->execute()
#1 C:\wamp64\www\Projetos\Paulo Ferreira Solucoes Tecnologicas\projetos\blog.com\web\app\model\Artigos.class.php(50): Artigos->getArtigos(1)
#2 C:\wamp64\www\Projetos\Paulo Ferreira Solucoes Tecnologicas\projetos\blog.com\web\app\controller\Artigo.Controller.php(34): Artigos->ListarArtigos(1)
#3 C:\wamp64\www\Projetos\Paulo Ferreira Solucoes Tecnologicas\projetos\blog.com\web\app\controller\Route.Controller.php(21): include('C:\\wamp64\\www\\P...')
#4 C:\wamp64\www\Projetos\Paulo Ferreira Solucoes Tecnologicas\projetos\blog.com\web\app\route\artigo.router.php(4): controller('Artigo')
#5 C:\wamp64\www\Projetos\Paulo Ferreira Solucoes Tecnologicas\projetos\blog.com\web\app\controller\Route.Controller.php(38): {closure}()
#6 C:\wamp64\www\Projetos\Paulo Ferreira Solucoes Tecnologicas\projetos\blog.com\web\app\route\artigo.router.php(3): rota('/artigo', Object(Closure))
#7 C:\wamp64\www\Projetos\Paulo Ferreira Solucoes Tecnologicas\projetos\blog.com\web\app\controller\Route.Controller.php(29): include('C:\\wamp64\\www\\P...')
#8 C:\wamp64\www\Projetos\Paulo Ferreira Solucoes Tecnologicas\projetos\blog.com\web\app\route\web.php(86): router('artigo')
#9 C:\wamp64\www\Projetos\Paulo Ferreira Solucoes Tecnologicas\projetos\blog.com\web\app\model\Route.class.php(9): include('C:\\wamp64\\www\\P...')
#10 C:\wamp64\www\Projetos\Paulo Ferreira Solucoes Tecnologicas\projetos\blog.com\web\index.php(16): Route->__construct()
#11 {main}
[2025-06-07 18:06:51] artigo: Erro ao listar artigos | error: PDOException: SQLSTATE[42S22]: Column not found: 1054 Unknown column 'dataCadastro' in 'ORDER BY' in C:\wamp64\www\Projetos\Paulo Ferreira Solucoes Tecnologicas\projetos\blog.com\web\app\model\Artigos.class.php:146
Stack trace:
#0 C:\wamp64\www\Projetos\Paulo Ferreira Solucoes Tecnologicas\projetos\blog.com\web\app\model\Artigos.class.php(146): PDOStatement->execute()
#1 C:\wamp64\www\Projetos\Paulo Ferreira Solucoes Tecnologicas\projetos\blog.com\web\app\model\Artigos.class.php(50): Artigos->getArtigos(1)
#2 C:\wamp64\www\Projetos\Paulo Ferreira Solucoes Tecnologicas\projetos\blog.com\web\app\controller\Artigo.Controller.php(34): Artigos->ListarArtigos(1)
#3 C:\wamp64\www\Projetos\Paulo Ferreira Solucoes Tecnologicas\projetos\blog.com\web\app\controller\Route.Controller.php(21): include('C:\\wamp64\\www\\P...')
#4 C:\wamp64\www\Projetos\Paulo Ferreira Solucoes Tecnologicas\projetos\blog.com\web\app\route\artigo.router.php(4): controller('Artigo')
#5 C:\wamp64\www\Projetos\Paulo Ferreira Solucoes Tecnologicas\projetos\blog.com\web\app\controller\Route.Controller.php(38): {closure}()
#6 C:\wamp64\www\Projetos\Paulo Ferreira Solucoes Tecnologicas\projetos\blog.com\web\app\route\artigo.router.php(3): rota('/artigo', Object(Closure))
#7 C:\wamp64\www\Projetos\Paulo Ferreira Solucoes Tecnologicas\projetos\blog.com\web\app\controller\Route.Controller.php(29): include('C:\\wamp64\\www\\P...')
#8 C:\wamp64\www\Projetos\Paulo Ferreira Solucoes Tecnologicas\projetos\blog.com\web\app\route\web.php(86): router('artigo')
#9 C:\wamp64\www\Projetos\Paulo Ferreira Solucoes Tecnologicas\projetos\blog.com\web\app\model\Route.class.php(9): include('C:\\wamp64\\www\\P...')
#10 C:\wamp64\www\Projetos\Paulo Ferreira Solucoes Tecnologicas\projetos\blog.com\web\index.php(16): Route->__construct()
#11 {main}
[2025-06-07 18:07:39] artigo: Erro ao listar artigos | error: PDOException: SQLSTATE[42S22]: Column not found: 1054 Unknown column 'dataCadastro' in 'ORDER BY' in C:\wamp64\www\Projetos\Paulo Ferreira Solucoes Tecnologicas\projetos\blog.com\web\app\model\Artigos.class.php:146
Stack trace:
#0 C:\wamp64\www\Projetos\Paulo Ferreira Solucoes Tecnologicas\projetos\blog.com\web\app\model\Artigos.class.php(146): PDOStatement->execute()
#1 C:\wamp64\www\Projetos\Paulo Ferreira Solucoes Tecnologicas\projetos\blog.com\web\app\model\Artigos.class.php(50): Artigos->getArtigos(1)
#2 C:\wamp64\www\Projetos\Paulo Ferreira Solucoes Tecnologicas\projetos\blog.com\web\app\controller\Artigo.Controller.php(34): Artigos->ListarArtigos(1)
#3 C:\wamp64\www\Projetos\Paulo Ferreira Solucoes Tecnologicas\projetos\blog.com\web\app\controller\Route.Controller.php(21): include('C:\\wamp64\\www\\P...')
#4 C:\wamp64\www\Projetos\Paulo Ferreira Solucoes Tecnologicas\projetos\blog.com\web\app\route\artigo.router.php(4): controller('Artigo')
#5 C:\wamp64\www\Projetos\Paulo Ferreira Solucoes Tecnologicas\projetos\blog.com\web\app\controller\Route.Controller.php(38): {closure}()
#6 C:\wamp64\www\Projetos\Paulo Ferreira Solucoes Tecnologicas\projetos\blog.com\web\app\route\artigo.router.php(3): rota('/artigo', Object(Closure))
#7 C:\wamp64\www\Projetos\Paulo Ferreira Solucoes Tecnologicas\projetos\blog.com\web\app\controller\Route.Controller.php(29): include('C:\\wamp64\\www\\P...')
#8 C:\wamp64\www\Projetos\Paulo Ferreira Solucoes Tecnologicas\projetos\blog.com\web\app\route\web.php(86): router('artigo')
#9 C:\wamp64\www\Projetos\Paulo Ferreira Solucoes Tecnologicas\projetos\blog.com\web\app\model\Route.class.php(9): include('C:\\wamp64\\www\\P...')
#10 C:\wamp64\www\Projetos\Paulo Ferreira Solucoes Tecnologicas\projetos\blog.com\web\index.php(16): Route->__construct()
#11 {main}
